# Logfile created on 2014-03-21 16:08:47 +0000 by logger.rb/44203
I, [2014-03-21T16:08:47.300967 #20181]  INFO -- : 0:  addressable (2.3.5) from /Users/karolis/.rvm/gems/ruby-2.1.0/specifications/addressable-2.3.5.gemspec
I, [2014-03-21T16:08:54.255808 #20181]  INFO -- : 0:  bcrypt (3.1.7) from /Users/karolis/.rvm/gems/ruby-2.1.0/specifications/bcrypt-3.1.7.gemspec
I, [2014-03-21T16:08:55.714341 #20181]  INFO -- : 0:  bcrypt-ruby (3.1.5) from /Users/karolis/.rvm/gems/ruby-2.1.0/specifications/bcrypt-ruby-3.1.5.gemspec
I, [2014-03-21T16:09:00.705992 #20181]  INFO -- : 0:  dm-core (1.2.1) from /Users/karolis/.rvm/gems/ruby-2.1.0/specifications/dm-core-1.2.1.gemspec
I, [2014-03-21T16:09:02.150406 #20181]  INFO -- : 0:  dm-aggregates (1.2.0) from /Users/karolis/.rvm/gems/ruby-2.1.0/specifications/dm-aggregates-1.2.0.gemspec
I, [2014-03-21T16:09:04.082752 #20181]  INFO -- : 0:  dm-constraints (1.2.0) from /Users/karolis/.rvm/gems/ruby-2.1.0/specifications/dm-constraints-1.2.0.gemspec
I, [2014-03-21T16:09:05.732552 #20181]  INFO -- : 0:  dm-migrations (1.2.0) from /Users/karolis/.rvm/gems/ruby-2.1.0/specifications/dm-migrations-1.2.0.gemspec
I, [2014-03-21T16:09:07.680140 #20181]  INFO -- : 0:  fastercsv (1.5.5) from /Users/karolis/.rvm/gems/ruby-2.1.0/specifications/fastercsv-1.5.5.gemspec
I, [2014-03-21T16:09:07.681090 #20181]  INFO -- : 0:  json (1.8.1) from /Users/karolis/.rvm/rubies/ruby-2.1.0/lib/ruby/gems/2.1.0/specifications/default/json-1.8.1.gemspec
I, [2014-03-21T16:09:10.573789 #20181]  INFO -- : 0:  json_pure (1.8.1) from /Users/karolis/.rvm/gems/ruby-2.1.0/specifications/json_pure-1.8.1.gemspec
I, [2014-03-21T16:09:12.436391 #20181]  INFO -- : 0:  multi_json (1.9.2) from /Users/karolis/.rvm/gems/ruby-2.1.0/specifications/multi_json-1.9.2.gemspec
I, [2014-03-21T16:09:13.889078 #20181]  INFO -- : 0:  dm-serializer (1.2.2) from /Users/karolis/.rvm/gems/ruby-2.1.0/specifications/dm-serializer-1.2.2.gemspec
I, [2014-03-21T16:09:15.874474 #20181]  INFO -- : 0:  dm-timestamps (1.2.0) from /Users/karolis/.rvm/gems/ruby-2.1.0/specifications/dm-timestamps-1.2.0.gemspec
I, [2014-03-21T16:09:17.830764 #20181]  INFO -- : 0:  dm-transactions (1.2.0) from /Users/karolis/.rvm/gems/ruby-2.1.0/specifications/dm-transactions-1.2.0.gemspec
I, [2014-03-21T16:09:20.429727 #20181]  INFO -- : 0:  stringex (1.5.1) from /Users/karolis/.rvm/gems/ruby-2.1.0/specifications/stringex-1.5.1.gemspec
I, [2014-03-21T16:09:22.423717 #20181]  INFO -- : 0:  uuidtools (2.1.4) from /Users/karolis/.rvm/gems/ruby-2.1.0/specifications/uuidtools-2.1.4.gemspec
I, [2014-03-21T16:09:24.086851 #20181]  INFO -- : 0:  dm-types (1.2.2) from /Users/karolis/.rvm/gems/ruby-2.1.0/specifications/dm-types-1.2.2.gemspec
I, [2014-03-21T16:09:26.125492 #20181]  INFO -- : 0:  dm-validations (1.2.0) from /Users/karolis/.rvm/gems/ruby-2.1.0/specifications/dm-validations-1.2.0.gemspec
I, [2014-03-21T16:09:27.348427 #20181]  INFO -- : 0:  data_mapper (1.2.0) from /Users/karolis/.rvm/gems/ruby-2.1.0/specifications/data_mapper-1.2.0.gemspec
I, [2014-03-21T16:09:29.632334 #20181]  INFO -- : 0:  data_objects (0.10.14) from /Users/karolis/.rvm/gems/ruby-2.1.0/specifications/data_objects-0.10.14.gemspec
I, [2014-03-21T16:09:32.017837 #20181]  INFO -- : 0:  dm-do-adapter (1.2.0) from /Users/karolis/.rvm/gems/ruby-2.1.0/specifications/dm-do-adapter-1.2.0.gemspec
I, [2014-03-21T16:09:37.775983 #20181]  INFO -- : 0:  do_postgres (0.10.14) from /Users/karolis/.rvm/gems/ruby-2.1.0/specifications/do_postgres-0.10.14.gemspec
I, [2014-03-21T16:09:39.121417 #20181]  INFO -- : 0:  dm-postgres-adapter (1.2.0) from /Users/karolis/.rvm/gems/ruby-2.1.0/specifications/dm-postgres-adapter-1.2.0.gemspec
I, [2014-03-21T16:09:39.121982 #20181]  INFO -- : 0:  rack (1.5.2) from /Users/karolis/.rvm/gems/ruby-2.1.0/specifications/rack-1.5.2.gemspec
I, [2014-03-21T16:09:39.122365 #20181]  INFO -- : 0:  rack-flash3 (1.0.5) from /Users/karolis/.rvm/gems/ruby-2.1.0/specifications/rack-flash3-1.0.5.gemspec
I, [2014-03-21T16:09:39.122729 #20181]  INFO -- : 0:  rack-protection (1.5.2) from /Users/karolis/.rvm/gems/ruby-2.1.0/specifications/rack-protection-1.5.2.gemspec
I, [2014-03-21T16:09:39.123118 #20181]  INFO -- : 0:  shotgun (0.9) from /Users/karolis/.rvm/gems/ruby-2.1.0/specifications/shotgun-0.9.gemspec
I, [2014-03-21T16:09:39.123483 #20181]  INFO -- : 0:  tilt (1.4.1) from /Users/karolis/.rvm/gems/ruby-2.1.0/specifications/tilt-1.4.1.gemspec
I, [2014-03-21T16:09:39.123847 #20181]  INFO -- : 0:  sinatra (1.4.4) from /Users/karolis/.rvm/gems/ruby-2.1.0/specifications/sinatra-1.4.4.gemspec
I, [2014-03-21T16:09:39.124207 #20181]  INFO -- : 0:  sinatra-partial (0.4.0) from /Users/karolis/.rvm/gems/ruby-2.1.0/specifications/sinatra-partial-0.4.0.gemspec
I, [2014-03-21T16:09:39.124554 #20181]  INFO -- : 0:  bundler (1.5.1) from /Users/karolis/.rvm/gems/ruby-2.1.0@global/specifications/bundler-1.5.1.gemspec
I, [2014-03-21T16:25:19.587407 #20470]  INFO -- : 0:  addressable (2.3.5) from /Users/karolis/.rvm/gems/ruby-2.1.0/specifications/addressable-2.3.5.gemspec
I, [2014-03-21T16:25:19.588257 #20470]  INFO -- : 0:  bcrypt (3.1.7) from /Users/karolis/.rvm/gems/ruby-2.1.0/specifications/bcrypt-3.1.7.gemspec
I, [2014-03-21T16:25:19.588745 #20470]  INFO -- : 0:  bcrypt-ruby (3.1.5) from /Users/karolis/.rvm/gems/ruby-2.1.0/specifications/bcrypt-ruby-3.1.5.gemspec
I, [2014-03-21T16:25:19.589154 #20470]  INFO -- : 0:  dm-core (1.2.1) from /Users/karolis/.rvm/gems/ruby-2.1.0/specifications/dm-core-1.2.1.gemspec
I, [2014-03-21T16:25:19.589554 #20470]  INFO -- : 0:  dm-aggregates (1.2.0) from /Users/karolis/.rvm/gems/ruby-2.1.0/specifications/dm-aggregates-1.2.0.gemspec
I, [2014-03-21T16:25:19.589971 #20470]  INFO -- : 0:  dm-constraints (1.2.0) from /Users/karolis/.rvm/gems/ruby-2.1.0/specifications/dm-constraints-1.2.0.gemspec
I, [2014-03-21T16:25:19.592968 #20470]  INFO -- : 0:  dm-migrations (1.2.0) from /Users/karolis/.rvm/gems/ruby-2.1.0/specifications/dm-migrations-1.2.0.gemspec
I, [2014-03-21T16:25:19.593472 #20470]  INFO -- : 0:  fastercsv (1.5.5) from /Users/karolis/.rvm/gems/ruby-2.1.0/specifications/fastercsv-1.5.5.gemspec
I, [2014-03-21T16:25:19.593934 #20470]  INFO -- : 0:  json (1.8.1) from /Users/karolis/.rvm/rubies/ruby-2.1.0/lib/ruby/gems/2.1.0/specifications/default/json-1.8.1.gemspec
I, [2014-03-21T16:25:19.594367 #20470]  INFO -- : 0:  json_pure (1.8.1) from /Users/karolis/.rvm/gems/ruby-2.1.0/specifications/json_pure-1.8.1.gemspec
I, [2014-03-21T16:25:19.594917 #20470]  INFO -- : 0:  multi_json (1.9.2) from /Users/karolis/.rvm/gems/ruby-2.1.0/specifications/multi_json-1.9.2.gemspec
I, [2014-03-21T16:25:19.595327 #20470]  INFO -- : 0:  dm-serializer (1.2.2) from /Users/karolis/.rvm/gems/ruby-2.1.0/specifications/dm-serializer-1.2.2.gemspec
I, [2014-03-21T16:25:19.595771 #20470]  INFO -- : 0:  dm-timestamps (1.2.0) from /Users/karolis/.rvm/gems/ruby-2.1.0/specifications/dm-timestamps-1.2.0.gemspec
I, [2014-03-21T16:25:19.596176 #20470]  INFO -- : 0:  dm-transactions (1.2.0) from /Users/karolis/.rvm/gems/ruby-2.1.0/specifications/dm-transactions-1.2.0.gemspec
I, [2014-03-21T16:25:19.596538 #20470]  INFO -- : 0:  stringex (1.5.1) from /Users/karolis/.rvm/gems/ruby-2.1.0/specifications/stringex-1.5.1.gemspec
I, [2014-03-21T16:25:19.596907 #20470]  INFO -- : 0:  uuidtools (2.1.4) from /Users/karolis/.rvm/gems/ruby-2.1.0/specifications/uuidtools-2.1.4.gemspec
I, [2014-03-21T16:25:19.597400 #20470]  INFO -- : 0:  dm-types (1.2.2) from /Users/karolis/.rvm/gems/ruby-2.1.0/specifications/dm-types-1.2.2.gemspec
I, [2014-03-21T16:25:19.597851 #20470]  INFO -- : 0:  dm-validations (1.2.0) from /Users/karolis/.rvm/gems/ruby-2.1.0/specifications/dm-validations-1.2.0.gemspec
I, [2014-03-21T16:25:19.600985 #20470]  INFO -- : 0:  data_mapper (1.2.0) from /Users/karolis/.rvm/gems/ruby-2.1.0/specifications/data_mapper-1.2.0.gemspec
I, [2014-03-21T16:25:19.601581 #20470]  INFO -- : 0:  data_objects (0.10.14) from /Users/karolis/.rvm/gems/ruby-2.1.0/specifications/data_objects-0.10.14.gemspec
I, [2014-03-21T16:25:19.601970 #20470]  INFO -- : 0:  diff-lcs (1.2.5) from /Users/karolis/.rvm/gems/ruby-2.1.0/specifications/diff-lcs-1.2.5.gemspec
I, [2014-03-21T16:25:19.602433 #20470]  INFO -- : 0:  dm-do-adapter (1.2.0) from /Users/karolis/.rvm/gems/ruby-2.1.0/specifications/dm-do-adapter-1.2.0.gemspec
I, [2014-03-21T16:25:19.602863 #20470]  INFO -- : 0:  do_postgres (0.10.14) from /Users/karolis/.rvm/gems/ruby-2.1.0/specifications/do_postgres-0.10.14.gemspec
I, [2014-03-21T16:25:19.603248 #20470]  INFO -- : 0:  dm-postgres-adapter (1.2.0) from /Users/karolis/.rvm/gems/ruby-2.1.0/specifications/dm-postgres-adapter-1.2.0.gemspec
I, [2014-03-21T16:25:19.603631 #20470]  INFO -- : 0:  rack (1.5.2) from /Users/karolis/.rvm/gems/ruby-2.1.0/specifications/rack-1.5.2.gemspec
I, [2014-03-21T16:25:19.604032 #20470]  INFO -- : 0:  rack-flash3 (1.0.5) from /Users/karolis/.rvm/gems/ruby-2.1.0/specifications/rack-flash3-1.0.5.gemspec
I, [2014-03-21T16:25:19.604448 #20470]  INFO -- : 0:  rack-protection (1.5.2) from /Users/karolis/.rvm/gems/ruby-2.1.0/specifications/rack-protection-1.5.2.gemspec
I, [2014-03-21T16:25:19.604812 #20470]  INFO -- : 0:  rspec-core (2.14.7) from /Users/karolis/.rvm/gems/ruby-2.1.0/specifications/rspec-core-2.14.7.gemspec
I, [2014-03-21T16:25:19.605199 #20470]  INFO -- : 0:  rspec-expectations (2.14.5) from /Users/karolis/.rvm/gems/ruby-2.1.0/specifications/rspec-expectations-2.14.5.gemspec
I, [2014-03-21T16:25:19.605585 #20470]  INFO -- : 0:  rspec-mocks (2.14.6) from /Users/karolis/.rvm/gems/ruby-2.1.0/specifications/rspec-mocks-2.14.6.gemspec
I, [2014-03-21T16:25:19.605963 #20470]  INFO -- : 0:  rspec (2.14.1) from /Users/karolis/.rvm/gems/ruby-2.1.0/specifications/rspec-2.14.1.gemspec
I, [2014-03-21T16:25:19.606350 #20470]  INFO -- : 0:  shotgun (0.9) from /Users/karolis/.rvm/gems/ruby-2.1.0/specifications/shotgun-0.9.gemspec
I, [2014-03-21T16:25:19.606750 #20470]  INFO -- : 0:  tilt (1.4.1) from /Users/karolis/.rvm/gems/ruby-2.1.0/specifications/tilt-1.4.1.gemspec
I, [2014-03-21T16:25:19.607142 #20470]  INFO -- : 0:  sinatra (1.4.4) from /Users/karolis/.rvm/gems/ruby-2.1.0/specifications/sinatra-1.4.4.gemspec
I, [2014-03-21T16:25:19.607565 #20470]  INFO -- : 0:  sinatra-partial (0.4.0) from /Users/karolis/.rvm/gems/ruby-2.1.0/specifications/sinatra-partial-0.4.0.gemspec
I, [2014-03-21T16:25:19.607941 #20470]  INFO -- : 0:  bundler (1.5.1) from /Users/karolis/.rvm/gems/ruby-2.1.0@global/specifications/bundler-1.5.1.gemspec
